<?xml version="1.0" encoding="UTF-8"?>
<testng-results ignored="0" total="1" passed="1" failed="0" skipped="0">
  <reporter-output>
  </reporter-output>
  <suite started-at="2021-03-25T23:44:37 IST" name="Surefire suite" finished-at="2021-03-25T23:44:37 IST" duration-ms="52">
    <groups>
    </groups>
    <test started-at="2021-03-25T23:44:37 IST" name="Surefire test" finished-at="2021-03-25T23:44:37 IST" duration-ms="52">
      <class name="inetBankingV1.inetBankingV1.AppTest">
        <test-method signature="shouldAnswerWithTrue()" started-at="2021-03-25T23:44:37 IST" name="shouldAnswerWithTrue" finished-at="2021-03-25T23:44:37 IST" duration-ms="10" status="PASS">
          <reporter-output>
          </reporter-output>
        </test-method> <!-- shouldAnswerWithTrue -->
      </class> <!-- inetBankingV1.inetBankingV1.AppTest -->
    </test> <!-- Surefire test -->
  </suite> <!-- Surefire suite -->
</testng-results>
