<?xml version="1.0" encoding="UTF-8"?>
<testng-results ignored="0" total="1" passed="1" failed="0" skipped="0">
  <reporter-output>
  </reporter-output>
  <suite started-at="2021-03-25T11:55:06 IST" name="Default suite" finished-at="2021-03-25T11:55:30 IST" duration-ms="23667">
    <groups>
    </groups>
    <test started-at="2021-03-25T11:55:06 IST" name="Default test" finished-at="2021-03-25T11:55:30 IST" duration-ms="23667">
      <class name="com.inetBanking.testcases.TC_AddCustomerTest_003">
        <test-method is-config="true" signature="setup()[pri:0, instance:com.inetBanking.testcases.TC_AddCustomerTest_003@71a8adcf]" started-at="2021-03-25T11:55:06 IST" name="setup" finished-at="2021-03-25T11:55:15 IST" duration-ms="9092" status="PASS">
          <reporter-output>
          </reporter-output>
        </test-method> <!-- setup -->
        <test-method signature="AddNewCuatomer()[pri:0, instance:com.inetBanking.testcases.TC_AddCustomerTest_003@71a8adcf]" started-at="2021-03-25T11:55:15 IST" name="AddNewCuatomer" finished-at="2021-03-25T11:55:29 IST" duration-ms="13625" status="PASS">
          <reporter-output>
          </reporter-output>
        </test-method> <!-- AddNewCuatomer -->
        <test-method is-config="true" signature="tearDown()[pri:0, instance:com.inetBanking.testcases.TC_AddCustomerTest_003@71a8adcf]" started-at="2021-03-25T11:55:29 IST" name="tearDown" finished-at="2021-03-25T11:55:30 IST" duration-ms="886" status="PASS">
          <reporter-output>
          </reporter-output>
        </test-method> <!-- tearDown -->
      </class> <!-- com.inetBanking.testcases.TC_AddCustomerTest_003 -->
    </test> <!-- Default test -->
  </suite> <!-- Default suite -->
</testng-results>
